

Processing PastesController#new (for 127.0.0.1 at 2008-07-02 16:11:01) [GET]
  Session ID: BAh7BzoMY3NyZl9pZCIlOGJiZGM2NjMzNzE1MjdmZmNmZjg2NDllM2RjYzEy
ZTAiCmZsYXNoSUM6J0FjdGlvbkNvbnRyb2xsZXI6OkZsYXNoOjpGbGFzaEhh
c2h7AAY6CkB1c2VkewA=--62d94d8f6b25dc5db7ff1c17ed00800828e59791
  Parameters: {"action"=>"new", "controller"=>"pastes"}


ActiveRecord::StatementInvalid (Could not find table 'pastes'):
    /vendor/rails/activerecord/lib/active_record/connection_adapters/sqlite3_adapter.rb:29:in `table_structure'
    /vendor/rails/activerecord/lib/../../activesupport/lib/active_support/core_ext/object/misc.rb:28:in `returning'
    /vendor/rails/activerecord/lib/active_record/connection_adapters/sqlite3_adapter.rb:28:in `table_structure'
    /vendor/rails/activerecord/lib/active_record/connection_adapters/sqlite_adapter.rb:189:in `columns'
    /vendor/rails/activerecord/lib/active_record/base.rb:1145:in `columns'
    /vendor/rails/activerecord/lib/active_record/base.rb:2598:in `attributes_from_column_definition_without_lock'
    /vendor/rails/activerecord/lib/active_record/locking/optimistic.rb:55:in `attributes_from_column_definition'
    /vendor/rails/activerecord/lib/active_record/base.rb:2126:in `initialize'
    /app/controllers/pastes_controller.rb:23:in `new'
    /app/controllers/pastes_controller.rb:23:in `new'
    /vendor/rails/actionpack/lib/action_controller/base.rb:1162:in `send'
    /vendor/rails/actionpack/lib/action_controller/base.rb:1162:in `perform_action_without_filters'
    /vendor/rails/actionpack/lib/action_controller/filters.rb:580:in `call_filters'
    /vendor/rails/actionpack/lib/action_controller/filters.rb:573:in `perform_action_without_benchmark'
    /vendor/rails/actionpack/lib/action_controller/benchmarking.rb:68:in `perform_action_without_rescue'
    /usr/local/lib/ruby/1.8/benchmark.rb:293:in `measure'
    /vendor/rails/actionpack/lib/action_controller/benchmarking.rb:68:in `perform_action_without_rescue'
    /vendor/rails/actionpack/lib/action_controller/rescue.rb:201:in `perform_action_without_caching'
    /vendor/rails/actionpack/lib/action_controller/caching/sql_cache.rb:13:in `perform_action'
    /vendor/rails/activerecord/lib/active_record/connection_adapters/abstract/query_cache.rb:33:in `cache'
    /vendor/rails/activerecord/lib/active_record/query_cache.rb:8:in `cache'
    /vendor/rails/actionpack/lib/action_controller/caching/sql_cache.rb:12:in `perform_action'
    /vendor/rails/actionpack/lib/action_controller/base.rb:529:in `send'
    /vendor/rails/actionpack/lib/action_controller/base.rb:529:in `process_without_filters'
    /vendor/rails/actionpack/lib/action_controller/filters.rb:569:in `process_without_session_management_support'
    /vendor/rails/actionpack/lib/action_controller/session_management.rb:130:in `process'
    /vendor/rails/actionpack/lib/action_controller/base.rb:389:in `process'
    /vendor/rails/actionpack/lib/action_controller/dispatcher.rb:149:in `handle_request'
    /vendor/rails/actionpack/lib/action_controller/dispatcher.rb:107:in `dispatch'
    /vendor/rails/actionpack/lib/action_controller/dispatcher.rb:104:in `synchronize'
    /vendor/rails/actionpack/lib/action_controller/dispatcher.rb:104:in `dispatch'
    /vendor/rails/actionpack/lib/action_controller/dispatcher.rb:120:in `dispatch_cgi'
    /vendor/rails/actionpack/lib/action_controller/dispatcher.rb:35:in `dispatch'
    /usr/local/lib/ruby/gems/1.8/gems/mongrel-1.1.5/bin/../lib/mongrel/rails.rb:76:in `process'
    /usr/local/lib/ruby/gems/1.8/gems/mongrel-1.1.5/bin/../lib/mongrel/rails.rb:74:in `synchronize'
    /usr/local/lib/ruby/gems/1.8/gems/mongrel-1.1.5/bin/../lib/mongrel/rails.rb:74:in `process'
    /usr/local/lib/ruby/gems/1.8/gems/mongrel-1.1.5/bin/../lib/mongrel.rb:159:in `process_client'
    /usr/local/lib/ruby/gems/1.8/gems/mongrel-1.1.5/bin/../lib/mongrel.rb:158:in `each'
    /usr/local/lib/ruby/gems/1.8/gems/mongrel-1.1.5/bin/../lib/mongrel.rb:158:in `process_client'
    /usr/local/lib/ruby/gems/1.8/gems/mongrel-1.1.5/bin/../lib/mongrel.rb:285:in `run'
    /usr/local/lib/ruby/gems/1.8/gems/mongrel-1.1.5/bin/../lib/mongrel.rb:285:in `initialize'
    /usr/local/lib/ruby/gems/1.8/gems/mongrel-1.1.5/bin/../lib/mongrel.rb:285:in `new'
    /usr/local/lib/ruby/gems/1.8/gems/mongrel-1.1.5/bin/../lib/mongrel.rb:285:in `run'
    /usr/local/lib/ruby/gems/1.8/gems/mongrel-1.1.5/bin/../lib/mongrel.rb:268:in `initialize'
    /usr/local/lib/ruby/gems/1.8/gems/mongrel-1.1.5/bin/../lib/mongrel.rb:268:in `new'
    /usr/local/lib/ruby/gems/1.8/gems/mongrel-1.1.5/bin/../lib/mongrel.rb:268:in `run'
    /usr/local/lib/ruby/gems/1.8/gems/mongrel-1.1.5/bin/../lib/mongrel/configurator.rb:282:in `run'
    /usr/local/lib/ruby/gems/1.8/gems/mongrel-1.1.5/bin/../lib/mongrel/configurator.rb:281:in `each'
    /usr/local/lib/ruby/gems/1.8/gems/mongrel-1.1.5/bin/../lib/mongrel/configurator.rb:281:in `run'
    /usr/local/lib/ruby/gems/1.8/gems/mongrel-1.1.5/bin/mongrel_rails:128:in `run'
    /usr/local/lib/ruby/gems/1.8/gems/mongrel-1.1.5/bin/../lib/mongrel/command.rb:212:in `run'
    /usr/local/lib/ruby/gems/1.8/gems/mongrel-1.1.5/bin/mongrel_rails:281
    /usr/local/bin/mongrel_rails:19:in `load'
    /usr/local/bin/mongrel_rails:19

Rendering /Users/fran/pastie-mabishu/vendor/rails/actionpack/lib/action_controller/templates/rescues/layout.erb (internal_server_error)


Processing ApplicationController#index (for 127.0.0.1 at 2008-07-02 16:11:05) [GET]
  Session ID: BAh7BzoMY3NyZl9pZCIlOGJiZGM2NjMzNzE1MjdmZmNmZjg2NDllM2RjYzEy
ZTAiCmZsYXNoSUM6J0FjdGlvbkNvbnRyb2xsZXI6OkZsYXNoOjpGbGFzaEhh
c2h7AAY6CkB1c2VkewA=--62d94d8f6b25dc5db7ff1c17ed00800828e59791
  Parameters: {}


ActionController::RoutingError (No route matches "/algomla" with {:method=>:get}):
    /vendor/rails/actionpack/lib/action_controller/routing/recognition_optimisation.rb:67:in `recognize_path'
    /vendor/rails/actionpack/lib/action_controller/routing/route_set.rb:384:in `recognize'
    /vendor/rails/actionpack/lib/action_controller/dispatcher.rb:148:in `handle_request'
    /vendor/rails/actionpack/lib/action_controller/dispatcher.rb:107:in `dispatch'
    /vendor/rails/actionpack/lib/action_controller/dispatcher.rb:104:in `synchronize'
    /vendor/rails/actionpack/lib/action_controller/dispatcher.rb:104:in `dispatch'
    /vendor/rails/actionpack/lib/action_controller/dispatcher.rb:120:in `dispatch_cgi'
    /vendor/rails/actionpack/lib/action_controller/dispatcher.rb:35:in `dispatch'
    /usr/local/lib/ruby/gems/1.8/gems/mongrel-1.1.5/bin/../lib/mongrel/rails.rb:76:in `process'
    /usr/local/lib/ruby/gems/1.8/gems/mongrel-1.1.5/bin/../lib/mongrel/rails.rb:74:in `synchronize'
    /usr/local/lib/ruby/gems/1.8/gems/mongrel-1.1.5/bin/../lib/mongrel/rails.rb:74:in `process'
    /usr/local/lib/ruby/gems/1.8/gems/mongrel-1.1.5/bin/../lib/mongrel.rb:159:in `process_client'
    /usr/local/lib/ruby/gems/1.8/gems/mongrel-1.1.5/bin/../lib/mongrel.rb:158:in `each'
    /usr/local/lib/ruby/gems/1.8/gems/mongrel-1.1.5/bin/../lib/mongrel.rb:158:in `process_client'
    /usr/local/lib/ruby/gems/1.8/gems/mongrel-1.1.5/bin/../lib/mongrel.rb:285:in `run'
    /usr/local/lib/ruby/gems/1.8/gems/mongrel-1.1.5/bin/../lib/mongrel.rb:285:in `initialize'
    /usr/local/lib/ruby/gems/1.8/gems/mongrel-1.1.5/bin/../lib/mongrel.rb:285:in `new'
    /usr/local/lib/ruby/gems/1.8/gems/mongrel-1.1.5/bin/../lib/mongrel.rb:285:in `run'
    /usr/local/lib/ruby/gems/1.8/gems/mongrel-1.1.5/bin/../lib/mongrel.rb:268:in `initialize'
    /usr/local/lib/ruby/gems/1.8/gems/mongrel-1.1.5/bin/../lib/mongrel.rb:268:in `new'
    /usr/local/lib/ruby/gems/1.8/gems/mongrel-1.1.5/bin/../lib/mongrel.rb:268:in `run'
    /usr/local/lib/ruby/gems/1.8/gems/mongrel-1.1.5/bin/../lib/mongrel/configurator.rb:282:in `run'
    /usr/local/lib/ruby/gems/1.8/gems/mongrel-1.1.5/bin/../lib/mongrel/configurator.rb:281:in `each'
    /usr/local/lib/ruby/gems/1.8/gems/mongrel-1.1.5/bin/../lib/mongrel/configurator.rb:281:in `run'
    /usr/local/lib/ruby/gems/1.8/gems/mongrel-1.1.5/bin/mongrel_rails:128:in `run'
    /usr/local/lib/ruby/gems/1.8/gems/mongrel-1.1.5/bin/../lib/mongrel/command.rb:212:in `run'
    /usr/local/lib/ruby/gems/1.8/gems/mongrel-1.1.5/bin/mongrel_rails:281
    /usr/local/bin/mongrel_rails:19:in `load'
    /usr/local/bin/mongrel_rails:19

Rendering /Users/fran/pastie-mabishu/vendor/rails/actionpack/lib/action_controller/templates/rescues/layout.erb (not_found)


Processing ApplicationController#index (for 127.0.0.1 at 2008-07-02 16:11:06) [GET]
  Session ID: BAh7BzoMY3NyZl9pZCIlOGJiZGM2NjMzNzE1MjdmZmNmZjg2NDllM2RjYzEy
ZTAiCmZsYXNoSUM6J0FjdGlvbkNvbnRyb2xsZXI6OkZsYXNoOjpGbGFzaEhh
c2h7AAY6CkB1c2VkewA=--62d94d8f6b25dc5db7ff1c17ed00800828e59791
  Parameters: {}


ActionController::RoutingError (No route matches "/algomla" with {:method=>:get}):
    /vendor/rails/actionpack/lib/action_controller/routing/recognition_optimisation.rb:67:in `recognize_path'
    /vendor/rails/actionpack/lib/action_controller/routing/route_set.rb:384:in `recognize'
    /vendor/rails/actionpack/lib/action_controller/dispatcher.rb:148:in `handle_request'
    /vendor/rails/actionpack/lib/action_controller/dispatcher.rb:107:in `dispatch'
    /vendor/rails/actionpack/lib/action_controller/dispatcher.rb:104:in `synchronize'
    /vendor/rails/actionpack/lib/action_controller/dispatcher.rb:104:in `dispatch'
    /vendor/rails/actionpack/lib/action_controller/dispatcher.rb:120:in `dispatch_cgi'
    /vendor/rails/actionpack/lib/action_controller/dispatcher.rb:35:in `dispatch'
    /usr/local/lib/ruby/gems/1.8/gems/mongrel-1.1.5/bin/../lib/mongrel/rails.rb:76:in `process'
    /usr/local/lib/ruby/gems/1.8/gems/mongrel-1.1.5/bin/../lib/mongrel/rails.rb:74:in `synchronize'
    /usr/local/lib/ruby/gems/1.8/gems/mongrel-1.1.5/bin/../lib/mongrel/rails.rb:74:in `process'
    /usr/local/lib/ruby/gems/1.8/gems/mongrel-1.1.5/bin/../lib/mongrel.rb:159:in `process_client'
    /usr/local/lib/ruby/gems/1.8/gems/mongrel-1.1.5/bin/../lib/mongrel.rb:158:in `each'
    /usr/local/lib/ruby/gems/1.8/gems/mongrel-1.1.5/bin/../lib/mongrel.rb:158:in `process_client'
    /usr/local/lib/ruby/gems/1.8/gems/mongrel-1.1.5/bin/../lib/mongrel.rb:285:in `run'
    /usr/local/lib/ruby/gems/1.8/gems/mongrel-1.1.5/bin/../lib/mongrel.rb:285:in `initialize'
    /usr/local/lib/ruby/gems/1.8/gems/mongrel-1.1.5/bin/../lib/mongrel.rb:285:in `new'
    /usr/local/lib/ruby/gems/1.8/gems/mongrel-1.1.5/bin/../lib/mongrel.rb:285:in `run'
    /usr/local/lib/ruby/gems/1.8/gems/mongrel-1.1.5/bin/../lib/mongrel.rb:268:in `initialize'
    /usr/local/lib/ruby/gems/1.8/gems/mongrel-1.1.5/bin/../lib/mongrel.rb:268:in `new'
    /usr/local/lib/ruby/gems/1.8/gems/mongrel-1.1.5/bin/../lib/mongrel.rb:268:in `run'
    /usr/local/lib/ruby/gems/1.8/gems/mongrel-1.1.5/bin/../lib/mongrel/configurator.rb:282:in `run'
    /usr/local/lib/ruby/gems/1.8/gems/mongrel-1.1.5/bin/../lib/mongrel/configurator.rb:281:in `each'
    /usr/local/lib/ruby/gems/1.8/gems/mongrel-1.1.5/bin/../lib/mongrel/configurator.rb:281:in `run'
    /usr/local/lib/ruby/gems/1.8/gems/mongrel-1.1.5/bin/mongrel_rails:128:in `run'
    /usr/local/lib/ruby/gems/1.8/gems/mongrel-1.1.5/bin/../lib/mongrel/command.rb:212:in `run'
    /usr/local/lib/ruby/gems/1.8/gems/mongrel-1.1.5/bin/mongrel_rails:281
    /usr/local/bin/mongrel_rails:19:in `load'
    /usr/local/bin/mongrel_rails:19

Rendering /Users/fran/pastie-mabishu/vendor/rails/actionpack/lib/action_controller/templates/rescues/layout.erb (not_found)


Processing ApplicationController#index (for 127.0.0.1 at 2008-07-02 16:11:07) [GET]
  Session ID: BAh7BzoMY3NyZl9pZCIlOGJiZGM2NjMzNzE1MjdmZmNmZjg2NDllM2RjYzEy
ZTAiCmZsYXNoSUM6J0FjdGlvbkNvbnRyb2xsZXI6OkZsYXNoOjpGbGFzaEhh
c2h7AAY6CkB1c2VkewA=--62d94d8f6b25dc5db7ff1c17ed00800828e59791
  Parameters: {}


ActionController::RoutingError (No route matches "/algomla" with {:method=>:get}):
    /vendor/rails/actionpack/lib/action_controller/routing/recognition_optimisation.rb:67:in `recognize_path'
    /vendor/rails/actionpack/lib/action_controller/routing/route_set.rb:384:in `recognize'
    /vendor/rails/actionpack/lib/action_controller/dispatcher.rb:148:in `handle_request'
    /vendor/rails/actionpack/lib/action_controller/dispatcher.rb:107:in `dispatch'
    /vendor/rails/actionpack/lib/action_controller/dispatcher.rb:104:in `synchronize'
    /vendor/rails/actionpack/lib/action_controller/dispatcher.rb:104:in `dispatch'
    /vendor/rails/actionpack/lib/action_controller/dispatcher.rb:120:in `dispatch_cgi'
    /vendor/rails/actionpack/lib/action_controller/dispatcher.rb:35:in `dispatch'
    /usr/local/lib/ruby/gems/1.8/gems/mongrel-1.1.5/bin/../lib/mongrel/rails.rb:76:in `process'
    /usr/local/lib/ruby/gems/1.8/gems/mongrel-1.1.5/bin/../lib/mongrel/rails.rb:74:in `synchronize'
    /usr/local/lib/ruby/gems/1.8/gems/mongrel-1.1.5/bin/../lib/mongrel/rails.rb:74:in `process'
    /usr/local/lib/ruby/gems/1.8/gems/mongrel-1.1.5/bin/../lib/mongrel.rb:159:in `process_client'
    /usr/local/lib/ruby/gems/1.8/gems/mongrel-1.1.5/bin/../lib/mongrel.rb:158:in `each'
    /usr/local/lib/ruby/gems/1.8/gems/mongrel-1.1.5/bin/../lib/mongrel.rb:158:in `process_client'
    /usr/local/lib/ruby/gems/1.8/gems/mongrel-1.1.5/bin/../lib/mongrel.rb:285:in `run'
    /usr/local/lib/ruby/gems/1.8/gems/mongrel-1.1.5/bin/../lib/mongrel.rb:285:in `initialize'
    /usr/local/lib/ruby/gems/1.8/gems/mongrel-1.1.5/bin/../lib/mongrel.rb:285:in `new'
    /usr/local/lib/ruby/gems/1.8/gems/mongrel-1.1.5/bin/../lib/mongrel.rb:285:in `run'
    /usr/local/lib/ruby/gems/1.8/gems/mongrel-1.1.5/bin/../lib/mongrel.rb:268:in `initialize'
    /usr/local/lib/ruby/gems/1.8/gems/mongrel-1.1.5/bin/../lib/mongrel.rb:268:in `new'
    /usr/local/lib/ruby/gems/1.8/gems/mongrel-1.1.5/bin/../lib/mongrel.rb:268:in `run'
    /usr/local/lib/ruby/gems/1.8/gems/mongrel-1.1.5/bin/../lib/mongrel/configurator.rb:282:in `run'
    /usr/local/lib/ruby/gems/1.8/gems/mongrel-1.1.5/bin/../lib/mongrel/configurator.rb:281:in `each'
    /usr/local/lib/ruby/gems/1.8/gems/mongrel-1.1.5/bin/../lib/mongrel/configurator.rb:281:in `run'
    /usr/local/lib/ruby/gems/1.8/gems/mongrel-1.1.5/bin/mongrel_rails:128:in `run'
    /usr/local/lib/ruby/gems/1.8/gems/mongrel-1.1.5/bin/../lib/mongrel/command.rb:212:in `run'
    /usr/local/lib/ruby/gems/1.8/gems/mongrel-1.1.5/bin/mongrel_rails:281
    /usr/local/bin/mongrel_rails:19:in `load'
    /usr/local/bin/mongrel_rails:19

Rendering /Users/fran/pastie-mabishu/vendor/rails/actionpack/lib/action_controller/templates/rescues/layout.erb (not_found)


Processing ApplicationController#index (for 127.0.0.1 at 2008-07-02 16:11:07) [GET]
  Session ID: BAh7BzoMY3NyZl9pZCIlOGJiZGM2NjMzNzE1MjdmZmNmZjg2NDllM2RjYzEy
ZTAiCmZsYXNoSUM6J0FjdGlvbkNvbnRyb2xsZXI6OkZsYXNoOjpGbGFzaEhh
c2h7AAY6CkB1c2VkewA=--62d94d8f6b25dc5db7ff1c17ed00800828e59791
  Parameters: {}


ActionController::RoutingError (No route matches "/algomla" with {:method=>:get}):
    /vendor/rails/actionpack/lib/action_controller/routing/recognition_optimisation.rb:67:in `recognize_path'
    /vendor/rails/actionpack/lib/action_controller/routing/route_set.rb:384:in `recognize'
    /vendor/rails/actionpack/lib/action_controller/dispatcher.rb:148:in `handle_request'
    /vendor/rails/actionpack/lib/action_controller/dispatcher.rb:107:in `dispatch'
    /vendor/rails/actionpack/lib/action_controller/dispatcher.rb:104:in `synchronize'
    /vendor/rails/actionpack/lib/action_controller/dispatcher.rb:104:in `dispatch'
    /vendor/rails/actionpack/lib/action_controller/dispatcher.rb:120:in `dispatch_cgi'
    /vendor/rails/actionpack/lib/action_controller/dispatcher.rb:35:in `dispatch'
    /usr/local/lib/ruby/gems/1.8/gems/mongrel-1.1.5/bin/../lib/mongrel/rails.rb:76:in `process'
    /usr/local/lib/ruby/gems/1.8/gems/mongrel-1.1.5/bin/../lib/mongrel/rails.rb:74:in `synchronize'
    /usr/local/lib/ruby/gems/1.8/gems/mongrel-1.1.5/bin/../lib/mongrel/rails.rb:74:in `process'
    /usr/local/lib/ruby/gems/1.8/gems/mongrel-1.1.5/bin/../lib/mongrel.rb:159:in `process_client'
    /usr/local/lib/ruby/gems/1.8/gems/mongrel-1.1.5/bin/../lib/mongrel.rb:158:in `each'
    /usr/local/lib/ruby/gems/1.8/gems/mongrel-1.1.5/bin/../lib/mongrel.rb:158:in `process_client'
    /usr/local/lib/ruby/gems/1.8/gems/mongrel-1.1.5/bin/../lib/mongrel.rb:285:in `run'
    /usr/local/lib/ruby/gems/1.8/gems/mongrel-1.1.5/bin/../lib/mongrel.rb:285:in `initialize'
    /usr/local/lib/ruby/gems/1.8/gems/mongrel-1.1.5/bin/../lib/mongrel.rb:285:in `new'
    /usr/local/lib/ruby/gems/1.8/gems/mongrel-1.1.5/bin/../lib/mongrel.rb:285:in `run'
    /usr/local/lib/ruby/gems/1.8/gems/mongrel-1.1.5/bin/../lib/mongrel.rb:268:in `initialize'
    /usr/local/lib/ruby/gems/1.8/gems/mongrel-1.1.5/bin/../lib/mongrel.rb:268:in `new'
    /usr/local/lib/ruby/gems/1.8/gems/mongrel-1.1.5/bin/../lib/mongrel.rb:268:in `run'
    /usr/local/lib/ruby/gems/1.8/gems/mongrel-1.1.5/bin/../lib/mongrel/configurator.rb:282:in `run'
    /usr/local/lib/ruby/gems/1.8/gems/mongrel-1.1.5/bin/../lib/mongrel/configurator.rb:281:in `each'
    /usr/local/lib/ruby/gems/1.8/gems/mongrel-1.1.5/bin/../lib/mongrel/configurator.rb:281:in `run'
    /usr/local/lib/ruby/gems/1.8/gems/mongrel-1.1.5/bin/mongrel_rails:128:in `run'
    /usr/local/lib/ruby/gems/1.8/gems/mongrel-1.1.5/bin/../lib/mongrel/command.rb:212:in `run'
    /usr/local/lib/ruby/gems/1.8/gems/mongrel-1.1.5/bin/mongrel_rails:281
    /usr/local/bin/mongrel_rails:19:in `load'
    /usr/local/bin/mongrel_rails:19

Rendering /Users/fran/pastie-mabishu/vendor/rails/actionpack/lib/action_controller/templates/rescues/layout.erb (not_found)


Processing ApplicationController#index (for 127.0.0.1 at 2008-07-02 16:11:08) [GET]
  Session ID: BAh7BzoMY3NyZl9pZCIlOGJiZGM2NjMzNzE1MjdmZmNmZjg2NDllM2RjYzEy
ZTAiCmZsYXNoSUM6J0FjdGlvbkNvbnRyb2xsZXI6OkZsYXNoOjpGbGFzaEhh
c2h7AAY6CkB1c2VkewA=--62d94d8f6b25dc5db7ff1c17ed00800828e59791
  Parameters: {}


ActionController::RoutingError (No route matches "/algomla" with {:method=>:get}):
    /vendor/rails/actionpack/lib/action_controller/routing/recognition_optimisation.rb:67:in `recognize_path'
    /vendor/rails/actionpack/lib/action_controller/routing/route_set.rb:384:in `recognize'
    /vendor/rails/actionpack/lib/action_controller/dispatcher.rb:148:in `handle_request'
    /vendor/rails/actionpack/lib/action_controller/dispatcher.rb:107:in `dispatch'
    /vendor/rails/actionpack/lib/action_controller/dispatcher.rb:104:in `synchronize'
    /vendor/rails/actionpack/lib/action_controller/dispatcher.rb:104:in `dispatch'
    /vendor/rails/actionpack/lib/action_controller/dispatcher.rb:120:in `dispatch_cgi'
    /vendor/rails/actionpack/lib/action_controller/dispatcher.rb:35:in `dispatch'
    /usr/local/lib/ruby/gems/1.8/gems/mongrel-1.1.5/bin/../lib/mongrel/rails.rb:76:in `process'
    /usr/local/lib/ruby/gems/1.8/gems/mongrel-1.1.5/bin/../lib/mongrel/rails.rb:74:in `synchronize'
    /usr/local/lib/ruby/gems/1.8/gems/mongrel-1.1.5/bin/../lib/mongrel/rails.rb:74:in `process'
    /usr/local/lib/ruby/gems/1.8/gems/mongrel-1.1.5/bin/../lib/mongrel.rb:159:in `process_client'
    /usr/local/lib/ruby/gems/1.8/gems/mongrel-1.1.5/bin/../lib/mongrel.rb:158:in `each'
    /usr/local/lib/ruby/gems/1.8/gems/mongrel-1.1.5/bin/../lib/mongrel.rb:158:in `process_client'
    /usr/local/lib/ruby/gems/1.8/gems/mongrel-1.1.5/bin/../lib/mongrel.rb:285:in `run'
    /usr/local/lib/ruby/gems/1.8/gems/mongrel-1.1.5/bin/../lib/mongrel.rb:285:in `initialize'
    /usr/local/lib/ruby/gems/1.8/gems/mongrel-1.1.5/bin/../lib/mongrel.rb:285:in `new'
    /usr/local/lib/ruby/gems/1.8/gems/mongrel-1.1.5/bin/../lib/mongrel.rb:285:in `run'
    /usr/local/lib/ruby/gems/1.8/gems/mongrel-1.1.5/bin/../lib/mongrel.rb:268:in `initialize'
    /usr/local/lib/ruby/gems/1.8/gems/mongrel-1.1.5/bin/../lib/mongrel.rb:268:in `new'
    /usr/local/lib/ruby/gems/1.8/gems/mongrel-1.1.5/bin/../lib/mongrel.rb:268:in `run'
    /usr/local/lib/ruby/gems/1.8/gems/mongrel-1.1.5/bin/../lib/mongrel/configurator.rb:282:in `run'
    /usr/local/lib/ruby/gems/1.8/gems/mongrel-1.1.5/bin/../lib/mongrel/configurator.rb:281:in `each'
    /usr/local/lib/ruby/gems/1.8/gems/mongrel-1.1.5/bin/../lib/mongrel/configurator.rb:281:in `run'
    /usr/local/lib/ruby/gems/1.8/gems/mongrel-1.1.5/bin/mongrel_rails:128:in `run'
    /usr/local/lib/ruby/gems/1.8/gems/mongrel-1.1.5/bin/../lib/mongrel/command.rb:212:in `run'
    /usr/local/lib/ruby/gems/1.8/gems/mongrel-1.1.5/bin/mongrel_rails:281
    /usr/local/bin/mongrel_rails:19:in `load'
    /usr/local/bin/mongrel_rails:19

Rendering /Users/fran/pastie-mabishu/vendor/rails/actionpack/lib/action_controller/templates/rescues/layout.erb (not_found)


Processing ApplicationController#index (for 127.0.0.1 at 2008-07-02 16:11:08) [GET]
  Session ID: BAh7BzoMY3NyZl9pZCIlOGJiZGM2NjMzNzE1MjdmZmNmZjg2NDllM2RjYzEy
ZTAiCmZsYXNoSUM6J0FjdGlvbkNvbnRyb2xsZXI6OkZsYXNoOjpGbGFzaEhh
c2h7AAY6CkB1c2VkewA=--62d94d8f6b25dc5db7ff1c17ed00800828e59791
  Parameters: {}


ActionController::RoutingError (No route matches "/algomla" with {:method=>:get}):
    /vendor/rails/actionpack/lib/action_controller/routing/recognition_optimisation.rb:67:in `recognize_path'
    /vendor/rails/actionpack/lib/action_controller/routing/route_set.rb:384:in `recognize'
    /vendor/rails/actionpack/lib/action_controller/dispatcher.rb:148:in `handle_request'
    /vendor/rails/actionpack/lib/action_controller/dispatcher.rb:107:in `dispatch'
    /vendor/rails/actionpack/lib/action_controller/dispatcher.rb:104:in `synchronize'
    /vendor/rails/actionpack/lib/action_controller/dispatcher.rb:104:in `dispatch'
    /vendor/rails/actionpack/lib/action_controller/dispatcher.rb:120:in `dispatch_cgi'
    /vendor/rails/actionpack/lib/action_controller/dispatcher.rb:35:in `dispatch'
    /usr/local/lib/ruby/gems/1.8/gems/mongrel-1.1.5/bin/../lib/mongrel/rails.rb:76:in `process'
    /usr/local/lib/ruby/gems/1.8/gems/mongrel-1.1.5/bin/../lib/mongrel/rails.rb:74:in `synchronize'
    /usr/local/lib/ruby/gems/1.8/gems/mongrel-1.1.5/bin/../lib/mongrel/rails.rb:74:in `process'
    /usr/local/lib/ruby/gems/1.8/gems/mongrel-1.1.5/bin/../lib/mongrel.rb:159:in `process_client'
    /usr/local/lib/ruby/gems/1.8/gems/mongrel-1.1.5/bin/../lib/mongrel.rb:158:in `each'
    /usr/local/lib/ruby/gems/1.8/gems/mongrel-1.1.5/bin/../lib/mongrel.rb:158:in `process_client'
    /usr/local/lib/ruby/gems/1.8/gems/mongrel-1.1.5/bin/../lib/mongrel.rb:285:in `run'
    /usr/local/lib/ruby/gems/1.8/gems/mongrel-1.1.5/bin/../lib/mongrel.rb:285:in `initialize'
    /usr/local/lib/ruby/gems/1.8/gems/mongrel-1.1.5/bin/../lib/mongrel.rb:285:in `new'
    /usr/local/lib/ruby/gems/1.8/gems/mongrel-1.1.5/bin/../lib/mongrel.rb:285:in `run'
    /usr/local/lib/ruby/gems/1.8/gems/mongrel-1.1.5/bin/../lib/mongrel.rb:268:in `initialize'
    /usr/local/lib/ruby/gems/1.8/gems/mongrel-1.1.5/bin/../lib/mongrel.rb:268:in `new'
    /usr/local/lib/ruby/gems/1.8/gems/mongrel-1.1.5/bin/../lib/mongrel.rb:268:in `run'
    /usr/local/lib/ruby/gems/1.8/gems/mongrel-1.1.5/bin/../lib/mongrel/configurator.rb:282:in `run'
    /usr/local/lib/ruby/gems/1.8/gems/mongrel-1.1.5/bin/../lib/mongrel/configurator.rb:281:in `each'
    /usr/local/lib/ruby/gems/1.8/gems/mongrel-1.1.5/bin/../lib/mongrel/configurator.rb:281:in `run'
    /usr/local/lib/ruby/gems/1.8/gems/mongrel-1.1.5/bin/mongrel_rails:128:in `run'
    /usr/local/lib/ruby/gems/1.8/gems/mongrel-1.1.5/bin/../lib/mongrel/command.rb:212:in `run'
    /usr/local/lib/ruby/gems/1.8/gems/mongrel-1.1.5/bin/mongrel_rails:281
    /usr/local/bin/mongrel_rails:19:in `load'
    /usr/local/bin/mongrel_rails:19

Rendering /Users/fran/pastie-mabishu/vendor/rails/actionpack/lib/action_controller/templates/rescues/layout.erb (not_found)


Processing ApplicationController#index (for 127.0.0.1 at 2008-07-02 16:11:08) [GET]
  Session ID: BAh7BzoMY3NyZl9pZCIlOGJiZGM2NjMzNzE1MjdmZmNmZjg2NDllM2RjYzEy
ZTAiCmZsYXNoSUM6J0FjdGlvbkNvbnRyb2xsZXI6OkZsYXNoOjpGbGFzaEhh
c2h7AAY6CkB1c2VkewA=--62d94d8f6b25dc5db7ff1c17ed00800828e59791
  Parameters: {}


ActionController::RoutingError (No route matches "/algomla" with {:method=>:get}):
    /vendor/rails/actionpack/lib/action_controller/routing/recognition_optimisation.rb:67:in `recognize_path'
    /vendor/rails/actionpack/lib/action_controller/routing/route_set.rb:384:in `recognize'
    /vendor/rails/actionpack/lib/action_controller/dispatcher.rb:148:in `handle_request'
    /vendor/rails/actionpack/lib/action_controller/dispatcher.rb:107:in `dispatch'
    /vendor/rails/actionpack/lib/action_controller/dispatcher.rb:104:in `synchronize'
    /vendor/rails/actionpack/lib/action_controller/dispatcher.rb:104:in `dispatch'
    /vendor/rails/actionpack/lib/action_controller/dispatcher.rb:120:in `dispatch_cgi'
    /vendor/rails/actionpack/lib/action_controller/dispatcher.rb:35:in `dispatch'
    /usr/local/lib/ruby/gems/1.8/gems/mongrel-1.1.5/bin/../lib/mongrel/rails.rb:76:in `process'
    /usr/local/lib/ruby/gems/1.8/gems/mongrel-1.1.5/bin/../lib/mongrel/rails.rb:74:in `synchronize'
    /usr/local/lib/ruby/gems/1.8/gems/mongrel-1.1.5/bin/../lib/mongrel/rails.rb:74:in `process'
    /usr/local/lib/ruby/gems/1.8/gems/mongrel-1.1.5/bin/../lib/mongrel.rb:159:in `process_client'
    /usr/local/lib/ruby/gems/1.8/gems/mongrel-1.1.5/bin/../lib/mongrel.rb:158:in `each'
    /usr/local/lib/ruby/gems/1.8/gems/mongrel-1.1.5/bin/../lib/mongrel.rb:158:in `process_client'
    /usr/local/lib/ruby/gems/1.8/gems/mongrel-1.1.5/bin/../lib/mongrel.rb:285:in `run'
    /usr/local/lib/ruby/gems/1.8/gems/mongrel-1.1.5/bin/../lib/mongrel.rb:285:in `initialize'
    /usr/local/lib/ruby/gems/1.8/gems/mongrel-1.1.5/bin/../lib/mongrel.rb:285:in `new'
    /usr/local/lib/ruby/gems/1.8/gems/mongrel-1.1.5/bin/../lib/mongrel.rb:285:in `run'
    /usr/local/lib/ruby/gems/1.8/gems/mongrel-1.1.5/bin/../lib/mongrel.rb:268:in `initialize'
    /usr/local/lib/ruby/gems/1.8/gems/mongrel-1.1.5/bin/../lib/mongrel.rb:268:in `new'
    /usr/local/lib/ruby/gems/1.8/gems/mongrel-1.1.5/bin/../lib/mongrel.rb:268:in `run'
    /usr/local/lib/ruby/gems/1.8/gems/mongrel-1.1.5/bin/../lib/mongrel/configurator.rb:282:in `run'
    /usr/local/lib/ruby/gems/1.8/gems/mongrel-1.1.5/bin/../lib/mongrel/configurator.rb:281:in `each'
    /usr/local/lib/ruby/gems/1.8/gems/mongrel-1.1.5/bin/../lib/mongrel/configurator.rb:281:in `run'
    /usr/local/lib/ruby/gems/1.8/gems/mongrel-1.1.5/bin/mongrel_rails:128:in `run'
    /usr/local/lib/ruby/gems/1.8/gems/mongrel-1.1.5/bin/../lib/mongrel/command.rb:212:in `run'
    /usr/local/lib/ruby/gems/1.8/gems/mongrel-1.1.5/bin/mongrel_rails:281
    /usr/local/bin/mongrel_rails:19:in `load'
    /usr/local/bin/mongrel_rails:19

Rendering /Users/fran/pastie-mabishu/vendor/rails/actionpack/lib/action_controller/templates/rescues/layout.erb (not_found)


Processing ApplicationController#index (for 127.0.0.1 at 2008-07-02 16:11:23) [GET]
  Session ID: BAh7BzoMY3NyZl9pZCIlOGJiZGM2NjMzNzE1MjdmZmNmZjg2NDllM2RjYzEy
ZTAiCmZsYXNoSUM6J0FjdGlvbkNvbnRyb2xsZXI6OkZsYXNoOjpGbGFzaEhh
c2h7AAY6CkB1c2VkewA=--62d94d8f6b25dc5db7ff1c17ed00800828e59791
  Parameters: {}


ActionController::RoutingError (No route matches "/algomla" with {:method=>:get}):
    /vendor/rails/actionpack/lib/action_controller/routing/recognition_optimisation.rb:67:in `recognize_path'
    /vendor/rails/actionpack/lib/action_controller/routing/route_set.rb:384:in `recognize'
    /vendor/rails/actionpack/lib/action_controller/dispatcher.rb:148:in `handle_request'
    /vendor/rails/actionpack/lib/action_controller/dispatcher.rb:107:in `dispatch'
    /vendor/rails/actionpack/lib/action_controller/dispatcher.rb:104:in `synchronize'
    /vendor/rails/actionpack/lib/action_controller/dispatcher.rb:104:in `dispatch'
    /vendor/rails/actionpack/lib/action_controller/dispatcher.rb:120:in `dispatch_cgi'
    /vendor/rails/actionpack/lib/action_controller/dispatcher.rb:35:in `dispatch'
    /usr/local/lib/ruby/gems/1.8/gems/mongrel-1.1.5/bin/../lib/mongrel/rails.rb:76:in `process'
    /usr/local/lib/ruby/gems/1.8/gems/mongrel-1.1.5/bin/../lib/mongrel/rails.rb:74:in `synchronize'
    /usr/local/lib/ruby/gems/1.8/gems/mongrel-1.1.5/bin/../lib/mongrel/rails.rb:74:in `process'
    /usr/local/lib/ruby/gems/1.8/gems/mongrel-1.1.5/bin/../lib/mongrel.rb:159:in `process_client'
    /usr/local/lib/ruby/gems/1.8/gems/mongrel-1.1.5/bin/../lib/mongrel.rb:158:in `each'
    /usr/local/lib/ruby/gems/1.8/gems/mongrel-1.1.5/bin/../lib/mongrel.rb:158:in `process_client'
    /usr/local/lib/ruby/gems/1.8/gems/mongrel-1.1.5/bin/../lib/mongrel.rb:285:in `run'
    /usr/local/lib/ruby/gems/1.8/gems/mongrel-1.1.5/bin/../lib/mongrel.rb:285:in `initialize'
    /usr/local/lib/ruby/gems/1.8/gems/mongrel-1.1.5/bin/../lib/mongrel.rb:285:in `new'
    /usr/local/lib/ruby/gems/1.8/gems/mongrel-1.1.5/bin/../lib/mongrel.rb:285:in `run'
    /usr/local/lib/ruby/gems/1.8/gems/mongrel-1.1.5/bin/../lib/mongrel.rb:268:in `initialize'
    /usr/local/lib/ruby/gems/1.8/gems/mongrel-1.1.5/bin/../lib/mongrel.rb:268:in `new'
    /usr/local/lib/ruby/gems/1.8/gems/mongrel-1.1.5/bin/../lib/mongrel.rb:268:in `run'
    /usr/local/lib/ruby/gems/1.8/gems/mongrel-1.1.5/bin/../lib/mongrel/configurator.rb:282:in `run'
    /usr/local/lib/ruby/gems/1.8/gems/mongrel-1.1.5/bin/../lib/mongrel/configurator.rb:281:in `each'
    /usr/local/lib/ruby/gems/1.8/gems/mongrel-1.1.5/bin/../lib/mongrel/configurator.rb:281:in `run'
    /usr/local/lib/ruby/gems/1.8/gems/mongrel-1.1.5/bin/mongrel_rails:128:in `run'
    /usr/local/lib/ruby/gems/1.8/gems/mongrel-1.1.5/bin/../lib/mongrel/command.rb:212:in `run'
    /usr/local/lib/ruby/gems/1.8/gems/mongrel-1.1.5/bin/mongrel_rails:281
    /usr/local/bin/mongrel_rails:19:in `load'
    /usr/local/bin/mongrel_rails:19

Rendering /Users/fran/pastie-mabishu/vendor/rails/actionpack/lib/action_controller/templates/rescues/layout.erb (not_found)


Processing ApplicationController#index (for 127.0.0.1 at 2008-07-02 16:13:11) [GET]
  Session ID: BAh7BzoMY3NyZl9pZCIlOGJiZGM2NjMzNzE1MjdmZmNmZjg2NDllM2RjYzEy
ZTAiCmZsYXNoSUM6J0FjdGlvbkNvbnRyb2xsZXI6OkZsYXNoOjpGbGFzaEhh
c2h7AAY6CkB1c2VkewA=--62d94d8f6b25dc5db7ff1c17ed00800828e59791
  Parameters: {}


ActionController::RoutingError (No route matches "/algomla" with {:method=>:get}):
    /vendor/rails/actionpack/lib/action_controller/routing/recognition_optimisation.rb:67:in `recognize_path'
    /vendor/rails/actionpack/lib/action_controller/routing/route_set.rb:384:in `recognize'
    /vendor/rails/actionpack/lib/action_controller/dispatcher.rb:148:in `handle_request'
    /vendor/rails/actionpack/lib/action_controller/dispatcher.rb:107:in `dispatch'
    /vendor/rails/actionpack/lib/action_controller/dispatcher.rb:104:in `synchronize'
    /vendor/rails/actionpack/lib/action_controller/dispatcher.rb:104:in `dispatch'
    /vendor/rails/actionpack/lib/action_controller/dispatcher.rb:120:in `dispatch_cgi'
    /vendor/rails/actionpack/lib/action_controller/dispatcher.rb:35:in `dispatch'
    /usr/local/lib/ruby/gems/1.8/gems/mongrel-1.1.5/bin/../lib/mongrel/rails.rb:76:in `process'
    /usr/local/lib/ruby/gems/1.8/gems/mongrel-1.1.5/bin/../lib/mongrel/rails.rb:74:in `synchronize'
    /usr/local/lib/ruby/gems/1.8/gems/mongrel-1.1.5/bin/../lib/mongrel/rails.rb:74:in `process'
    /usr/local/lib/ruby/gems/1.8/gems/mongrel-1.1.5/bin/../lib/mongrel.rb:159:in `process_client'
    /usr/local/lib/ruby/gems/1.8/gems/mongrel-1.1.5/bin/../lib/mongrel.rb:158:in `each'
    /usr/local/lib/ruby/gems/1.8/gems/mongrel-1.1.5/bin/../lib/mongrel.rb:158:in `process_client'
    /usr/local/lib/ruby/gems/1.8/gems/mongrel-1.1.5/bin/../lib/mongrel.rb:285:in `run'
    /usr/local/lib/ruby/gems/1.8/gems/mongrel-1.1.5/bin/../lib/mongrel.rb:285:in `initialize'
    /usr/local/lib/ruby/gems/1.8/gems/mongrel-1.1.5/bin/../lib/mongrel.rb:285:in `new'
    /usr/local/lib/ruby/gems/1.8/gems/mongrel-1.1.5/bin/../lib/mongrel.rb:285:in `run'
    /usr/local/lib/ruby/gems/1.8/gems/mongrel-1.1.5/bin/../lib/mongrel.rb:268:in `initialize'
    /usr/local/lib/ruby/gems/1.8/gems/mongrel-1.1.5/bin/../lib/mongrel.rb:268:in `new'
    /usr/local/lib/ruby/gems/1.8/gems/mongrel-1.1.5/bin/../lib/mongrel.rb:268:in `run'
    /usr/local/lib/ruby/gems/1.8/gems/mongrel-1.1.5/bin/../lib/mongrel/configurator.rb:282:in `run'
    /usr/local/lib/ruby/gems/1.8/gems/mongrel-1.1.5/bin/../lib/mongrel/configurator.rb:281:in `each'
    /usr/local/lib/ruby/gems/1.8/gems/mongrel-1.1.5/bin/../lib/mongrel/configurator.rb:281:in `run'
    /usr/local/lib/ruby/gems/1.8/gems/mongrel-1.1.5/bin/mongrel_rails:128:in `run'
    /usr/local/lib/ruby/gems/1.8/gems/mongrel-1.1.5/bin/../lib/mongrel/command.rb:212:in `run'
    /usr/local/lib/ruby/gems/1.8/gems/mongrel-1.1.5/bin/mongrel_rails:281
    /usr/local/bin/mongrel_rails:19:in `load'
    /usr/local/bin/mongrel_rails:19

Rendering /Users/fran/pastie-mabishu/vendor/rails/actionpack/lib/action_controller/templates/rescues/layout.erb (not_found)


Processing ApplicationController#index (for 127.0.0.1 at 2008-07-02 16:13:12) [GET]
  Session ID: BAh7BzoMY3NyZl9pZCIlOGJiZGM2NjMzNzE1MjdmZmNmZjg2NDllM2RjYzEy
ZTAiCmZsYXNoSUM6J0FjdGlvbkNvbnRyb2xsZXI6OkZsYXNoOjpGbGFzaEhh
c2h7AAY6CkB1c2VkewA=--62d94d8f6b25dc5db7ff1c17ed00800828e59791
  Parameters: {}


ActionController::RoutingError (No route matches "/algomla" with {:method=>:get}):
    /vendor/rails/actionpack/lib/action_controller/routing/recognition_optimisation.rb:67:in `recognize_path'
    /vendor/rails/actionpack/lib/action_controller/routing/route_set.rb:384:in `recognize'
    /vendor/rails/actionpack/lib/action_controller/dispatcher.rb:148:in `handle_request'
    /vendor/rails/actionpack/lib/action_controller/dispatcher.rb:107:in `dispatch'
    /vendor/rails/actionpack/lib/action_controller/dispatcher.rb:104:in `synchronize'
    /vendor/rails/actionpack/lib/action_controller/dispatcher.rb:104:in `dispatch'
    /vendor/rails/actionpack/lib/action_controller/dispatcher.rb:120:in `dispatch_cgi'
    /vendor/rails/actionpack/lib/action_controller/dispatcher.rb:35:in `dispatch'
    /usr/local/lib/ruby/gems/1.8/gems/mongrel-1.1.5/bin/../lib/mongrel/rails.rb:76:in `process'
    /usr/local/lib/ruby/gems/1.8/gems/mongrel-1.1.5/bin/../lib/mongrel/rails.rb:74:in `synchronize'
    /usr/local/lib/ruby/gems/1.8/gems/mongrel-1.1.5/bin/../lib/mongrel/rails.rb:74:in `process'
    /usr/local/lib/ruby/gems/1.8/gems/mongrel-1.1.5/bin/../lib/mongrel.rb:159:in `process_client'
    /usr/local/lib/ruby/gems/1.8/gems/mongrel-1.1.5/bin/../lib/mongrel.rb:158:in `each'
    /usr/local/lib/ruby/gems/1.8/gems/mongrel-1.1.5/bin/../lib/mongrel.rb:158:in `process_client'
    /usr/local/lib/ruby/gems/1.8/gems/mongrel-1.1.5/bin/../lib/mongrel.rb:285:in `run'
    /usr/local/lib/ruby/gems/1.8/gems/mongrel-1.1.5/bin/../lib/mongrel.rb:285:in `initialize'
    /usr/local/lib/ruby/gems/1.8/gems/mongrel-1.1.5/bin/../lib/mongrel.rb:285:in `new'
    /usr/local/lib/ruby/gems/1.8/gems/mongrel-1.1.5/bin/../lib/mongrel.rb:285:in `run'
    /usr/local/lib/ruby/gems/1.8/gems/mongrel-1.1.5/bin/../lib/mongrel.rb:268:in `initialize'
    /usr/local/lib/ruby/gems/1.8/gems/mongrel-1.1.5/bin/../lib/mongrel.rb:268:in `new'
    /usr/local/lib/ruby/gems/1.8/gems/mongrel-1.1.5/bin/../lib/mongrel.rb:268:in `run'
    /usr/local/lib/ruby/gems/1.8/gems/mongrel-1.1.5/bin/../lib/mongrel/configurator.rb:282:in `run'
    /usr/local/lib/ruby/gems/1.8/gems/mongrel-1.1.5/bin/../lib/mongrel/configurator.rb:281:in `each'
    /usr/local/lib/ruby/gems/1.8/gems/mongrel-1.1.5/bin/../lib/mongrel/configurator.rb:281:in `run'
    /usr/local/lib/ruby/gems/1.8/gems/mongrel-1.1.5/bin/mongrel_rails:128:in `run'
    /usr/local/lib/ruby/gems/1.8/gems/mongrel-1.1.5/bin/../lib/mongrel/command.rb:212:in `run'
    /usr/local/lib/ruby/gems/1.8/gems/mongrel-1.1.5/bin/mongrel_rails:281
    /usr/local/bin/mongrel_rails:19:in `load'
    /usr/local/bin/mongrel_rails:19

Rendering /Users/fran/pastie-mabishu/vendor/rails/actionpack/lib/action_controller/templates/rescues/layout.erb (not_found)


Processing ApplicationController#index (for 127.0.0.1 at 2008-07-02 16:13:12) [GET]
  Session ID: BAh7BzoMY3NyZl9pZCIlOGJiZGM2NjMzNzE1MjdmZmNmZjg2NDllM2RjYzEy
ZTAiCmZsYXNoSUM6J0FjdGlvbkNvbnRyb2xsZXI6OkZsYXNoOjpGbGFzaEhh
c2h7AAY6CkB1c2VkewA=--62d94d8f6b25dc5db7ff1c17ed00800828e59791
  Parameters: {}


ActionController::RoutingError (No route matches "/algomla" with {:method=>:get}):
    /vendor/rails/actionpack/lib/action_controller/routing/recognition_optimisation.rb:67:in `recognize_path'
    /vendor/rails/actionpack/lib/action_controller/routing/route_set.rb:384:in `recognize'
    /vendor/rails/actionpack/lib/action_controller/dispatcher.rb:148:in `handle_request'
    /vendor/rails/actionpack/lib/action_controller/dispatcher.rb:107:in `dispatch'
    /vendor/rails/actionpack/lib/action_controller/dispatcher.rb:104:in `synchronize'
    /vendor/rails/actionpack/lib/action_controller/dispatcher.rb:104:in `dispatch'
    /vendor/rails/actionpack/lib/action_controller/dispatcher.rb:120:in `dispatch_cgi'
    /vendor/rails/actionpack/lib/action_controller/dispatcher.rb:35:in `dispatch'
    /usr/local/lib/ruby/gems/1.8/gems/mongrel-1.1.5/bin/../lib/mongrel/rails.rb:76:in `process'
    /usr/local/lib/ruby/gems/1.8/gems/mongrel-1.1.5/bin/../lib/mongrel/rails.rb:74:in `synchronize'
    /usr/local/lib/ruby/gems/1.8/gems/mongrel-1.1.5/bin/../lib/mongrel/rails.rb:74:in `process'
    /usr/local/lib/ruby/gems/1.8/gems/mongrel-1.1.5/bin/../lib/mongrel.rb:159:in `process_client'
    /usr/local/lib/ruby/gems/1.8/gems/mongrel-1.1.5/bin/../lib/mongrel.rb:158:in `each'
    /usr/local/lib/ruby/gems/1.8/gems/mongrel-1.1.5/bin/../lib/mongrel.rb:158:in `process_client'
    /usr/local/lib/ruby/gems/1.8/gems/mongrel-1.1.5/bin/../lib/mongrel.rb:285:in `run'
    /usr/local/lib/ruby/gems/1.8/gems/mongrel-1.1.5/bin/../lib/mongrel.rb:285:in `initialize'
    /usr/local/lib/ruby/gems/1.8/gems/mongrel-1.1.5/bin/../lib/mongrel.rb:285:in `new'
    /usr/local/lib/ruby/gems/1.8/gems/mongrel-1.1.5/bin/../lib/mongrel.rb:285:in `run'
    /usr/local/lib/ruby/gems/1.8/gems/mongrel-1.1.5/bin/../lib/mongrel.rb:268:in `initialize'
    /usr/local/lib/ruby/gems/1.8/gems/mongrel-1.1.5/bin/../lib/mongrel.rb:268:in `new'
    /usr/local/lib/ruby/gems/1.8/gems/mongrel-1.1.5/bin/../lib/mongrel.rb:268:in `run'
    /usr/local/lib/ruby/gems/1.8/gems/mongrel-1.1.5/bin/../lib/mongrel/configurator.rb:282:in `run'
    /usr/local/lib/ruby/gems/1.8/gems/mongrel-1.1.5/bin/../lib/mongrel/configurator.rb:281:in `each'
    /usr/local/lib/ruby/gems/1.8/gems/mongrel-1.1.5/bin/../lib/mongrel/configurator.rb:281:in `run'
    /usr/local/lib/ruby/gems/1.8/gems/mongrel-1.1.5/bin/mongrel_rails:128:in `run'
    /usr/local/lib/ruby/gems/1.8/gems/mongrel-1.1.5/bin/../lib/mongrel/command.rb:212:in `run'
    /usr/local/lib/ruby/gems/1.8/gems/mongrel-1.1.5/bin/mongrel_rails:281
    /usr/local/bin/mongrel_rails:19:in `load'
    /usr/local/bin/mongrel_rails:19

Rendering /Users/fran/pastie-mabishu/vendor/rails/actionpack/lib/action_controller/templates/rescues/layout.erb (not_found)


Processing ApplicationController#index (for 127.0.0.1 at 2008-07-02 16:13:12) [GET]
  Session ID: BAh7BzoMY3NyZl9pZCIlOGJiZGM2NjMzNzE1MjdmZmNmZjg2NDllM2RjYzEy
ZTAiCmZsYXNoSUM6J0FjdGlvbkNvbnRyb2xsZXI6OkZsYXNoOjpGbGFzaEhh
c2h7AAY6CkB1c2VkewA=--62d94d8f6b25dc5db7ff1c17ed00800828e59791
  Parameters: {}


ActionController::RoutingError (No route matches "/algomla" with {:method=>:get}):
    /vendor/rails/actionpack/lib/action_controller/routing/recognition_optimisation.rb:67:in `recognize_path'
    /vendor/rails/actionpack/lib/action_controller/routing/route_set.rb:384:in `recognize'
    /vendor/rails/actionpack/lib/action_controller/dispatcher.rb:148:in `handle_request'
    /vendor/rails/actionpack/lib/action_controller/dispatcher.rb:107:in `dispatch'
    /vendor/rails/actionpack/lib/action_controller/dispatcher.rb:104:in `synchronize'
    /vendor/rails/actionpack/lib/action_controller/dispatcher.rb:104:in `dispatch'
    /vendor/rails/actionpack/lib/action_controller/dispatcher.rb:120:in `dispatch_cgi'
    /vendor/rails/actionpack/lib/action_controller/dispatcher.rb:35:in `dispatch'
    /usr/local/lib/ruby/gems/1.8/gems/mongrel-1.1.5/bin/../lib/mongrel/rails.rb:76:in `process'
    /usr/local/lib/ruby/gems/1.8/gems/mongrel-1.1.5/bin/../lib/mongrel/rails.rb:74:in `synchronize'
    /usr/local/lib/ruby/gems/1.8/gems/mongrel-1.1.5/bin/../lib/mongrel/rails.rb:74:in `process'
    /usr/local/lib/ruby/gems/1.8/gems/mongrel-1.1.5/bin/../lib/mongrel.rb:159:in `process_client'
    /usr/local/lib/ruby/gems/1.8/gems/mongrel-1.1.5/bin/../lib/mongrel.rb:158:in `each'
    /usr/local/lib/ruby/gems/1.8/gems/mongrel-1.1.5/bin/../lib/mongrel.rb:158:in `process_client'
    /usr/local/lib/ruby/gems/1.8/gems/mongrel-1.1.5/bin/../lib/mongrel.rb:285:in `run'
    /usr/local/lib/ruby/gems/1.8/gems/mongrel-1.1.5/bin/../lib/mongrel.rb:285:in `initialize'
    /usr/local/lib/ruby/gems/1.8/gems/mongrel-1.1.5/bin/../lib/mongrel.rb:285:in `new'
    /usr/local/lib/ruby/gems/1.8/gems/mongrel-1.1.5/bin/../lib/mongrel.rb:285:in `run'
    /usr/local/lib/ruby/gems/1.8/gems/mongrel-1.1.5/bin/../lib/mongrel.rb:268:in `initialize'
    /usr/local/lib/ruby/gems/1.8/gems/mongrel-1.1.5/bin/../lib/mongrel.rb:268:in `new'
    /usr/local/lib/ruby/gems/1.8/gems/mongrel-1.1.5/bin/../lib/mongrel.rb:268:in `run'
    /usr/local/lib/ruby/gems/1.8/gems/mongrel-1.1.5/bin/../lib/mongrel/configurator.rb:282:in `run'
    /usr/local/lib/ruby/gems/1.8/gems/mongrel-1.1.5/bin/../lib/mongrel/configurator.rb:281:in `each'
    /usr/local/lib/ruby/gems/1.8/gems/mongrel-1.1.5/bin/../lib/mongrel/configurator.rb:281:in `run'
    /usr/local/lib/ruby/gems/1.8/gems/mongrel-1.1.5/bin/mongrel_rails:128:in `run'
    /usr/local/lib/ruby/gems/1.8/gems/mongrel-1.1.5/bin/../lib/mongrel/command.rb:212:in `run'
    /usr/local/lib/ruby/gems/1.8/gems/mongrel-1.1.5/bin/mongrel_rails:281
    /usr/local/bin/mongrel_rails:19:in `load'
    /usr/local/bin/mongrel_rails:19

Rendering /Users/fran/pastie-mabishu/vendor/rails/actionpack/lib/action_controller/templates/rescues/layout.erb (not_found)


Processing ApplicationController#index (for 127.0.0.1 at 2008-07-02 16:13:13) [GET]
  Session ID: BAh7BzoMY3NyZl9pZCIlOGJiZGM2NjMzNzE1MjdmZmNmZjg2NDllM2RjYzEy
ZTAiCmZsYXNoSUM6J0FjdGlvbkNvbnRyb2xsZXI6OkZsYXNoOjpGbGFzaEhh
c2h7AAY6CkB1c2VkewA=--62d94d8f6b25dc5db7ff1c17ed00800828e59791
  Parameters: {}


ActionController::RoutingError (No route matches "/algomla" with {:method=>:get}):
    /vendor/rails/actionpack/lib/action_controller/routing/recognition_optimisation.rb:67:in `recognize_path'
    /vendor/rails/actionpack/lib/action_controller/routing/route_set.rb:384:in `recognize'
    /vendor/rails/actionpack/lib/action_controller/dispatcher.rb:148:in `handle_request'
    /vendor/rails/actionpack/lib/action_controller/dispatcher.rb:107:in `dispatch'
    /vendor/rails/actionpack/lib/action_controller/dispatcher.rb:104:in `synchronize'
    /vendor/rails/actionpack/lib/action_controller/dispatcher.rb:104:in `dispatch'
    /vendor/rails/actionpack/lib/action_controller/dispatcher.rb:120:in `dispatch_cgi'
    /vendor/rails/actionpack/lib/action_controller/dispatcher.rb:35:in `dispatch'
    /usr/local/lib/ruby/gems/1.8/gems/mongrel-1.1.5/bin/../lib/mongrel/rails.rb:76:in `process'
    /usr/local/lib/ruby/gems/1.8/gems/mongrel-1.1.5/bin/../lib/mongrel/rails.rb:74:in `synchronize'
    /usr/local/lib/ruby/gems/1.8/gems/mongrel-1.1.5/bin/../lib/mongrel/rails.rb:74:in `process'
    /usr/local/lib/ruby/gems/1.8/gems/mongrel-1.1.5/bin/../lib/mongrel.rb:159:in `process_client'
    /usr/local/lib/ruby/gems/1.8/gems/mongrel-1.1.5/bin/../lib/mongrel.rb:158:in `each'
    /usr/local/lib/ruby/gems/1.8/gems/mongrel-1.1.5/bin/../lib/mongrel.rb:158:in `process_client'
    /usr/local/lib/ruby/gems/1.8/gems/mongrel-1.1.5/bin/../lib/mongrel.rb:285:in `run'
    /usr/local/lib/ruby/gems/1.8/gems/mongrel-1.1.5/bin/../lib/mongrel.rb:285:in `initialize'
    /usr/local/lib/ruby/gems/1.8/gems/mongrel-1.1.5/bin/../lib/mongrel.rb:285:in `new'
    /usr/local/lib/ruby/gems/1.8/gems/mongrel-1.1.5/bin/../lib/mongrel.rb:285:in `run'
    /usr/local/lib/ruby/gems/1.8/gems/mongrel-1.1.5/bin/../lib/mongrel.rb:268:in `initialize'
    /usr/local/lib/ruby/gems/1.8/gems/mongrel-1.1.5/bin/../lib/mongrel.rb:268:in `new'
    /usr/local/lib/ruby/gems/1.8/gems/mongrel-1.1.5/bin/../lib/mongrel.rb:268:in `run'
    /usr/local/lib/ruby/gems/1.8/gems/mongrel-1.1.5/bin/../lib/mongrel/configurator.rb:282:in `run'
    /usr/local/lib/ruby/gems/1.8/gems/mongrel-1.1.5/bin/../lib/mongrel/configurator.rb:281:in `each'
    /usr/local/lib/ruby/gems/1.8/gems/mongrel-1.1.5/bin/../lib/mongrel/configurator.rb:281:in `run'
    /usr/local/lib/ruby/gems/1.8/gems/mongrel-1.1.5/bin/mongrel_rails:128:in `run'
    /usr/local/lib/ruby/gems/1.8/gems/mongrel-1.1.5/bin/../lib/mongrel/command.rb:212:in `run'
    /usr/local/lib/ruby/gems/1.8/gems/mongrel-1.1.5/bin/mongrel_rails:281
    /usr/local/bin/mongrel_rails:19:in `load'
    /usr/local/bin/mongrel_rails:19

Rendering /Users/fran/pastie-mabishu/vendor/rails/actionpack/lib/action_controller/templates/rescues/layout.erb (not_found)


Processing ApplicationController#index (for 127.0.0.1 at 2008-07-02 16:13:13) [GET]
  Session ID: BAh7BzoMY3NyZl9pZCIlOGJiZGM2NjMzNzE1MjdmZmNmZjg2NDllM2RjYzEy
ZTAiCmZsYXNoSUM6J0FjdGlvbkNvbnRyb2xsZXI6OkZsYXNoOjpGbGFzaEhh
c2h7AAY6CkB1c2VkewA=--62d94d8f6b25dc5db7ff1c17ed00800828e59791
  Parameters: {}


ActionController::RoutingError (No route matches "/algomla" with {:method=>:get}):
    /vendor/rails/actionpack/lib/action_controller/routing/recognition_optimisation.rb:67:in `recognize_path'
    /vendor/rails/actionpack/lib/action_controller/routing/route_set.rb:384:in `recognize'
    /vendor/rails/actionpack/lib/action_controller/dispatcher.rb:148:in `handle_request'
    /vendor/rails/actionpack/lib/action_controller/dispatcher.rb:107:in `dispatch'
    /vendor/rails/actionpack/lib/action_controller/dispatcher.rb:104:in `synchronize'
    /vendor/rails/actionpack/lib/action_controller/dispatcher.rb:104:in `dispatch'
    /vendor/rails/actionpack/lib/action_controller/dispatcher.rb:120:in `dispatch_cgi'
    /vendor/rails/actionpack/lib/action_controller/dispatcher.rb:35:in `dispatch'
    /usr/local/lib/ruby/gems/1.8/gems/mongrel-1.1.5/bin/../lib/mongrel/rails.rb:76:in `process'
    /usr/local/lib/ruby/gems/1.8/gems/mongrel-1.1.5/bin/../lib/mongrel/rails.rb:74:in `synchronize'
    /usr/local/lib/ruby/gems/1.8/gems/mongrel-1.1.5/bin/../lib/mongrel/rails.rb:74:in `process'
    /usr/local/lib/ruby/gems/1.8/gems/mongrel-1.1.5/bin/../lib/mongrel.rb:159:in `process_client'
    /usr/local/lib/ruby/gems/1.8/gems/mongrel-1.1.5/bin/../lib/mongrel.rb:158:in `each'
    /usr/local/lib/ruby/gems/1.8/gems/mongrel-1.1.5/bin/../lib/mongrel.rb:158:in `process_client'
    /usr/local/lib/ruby/gems/1.8/gems/mongrel-1.1.5/bin/../lib/mongrel.rb:285:in `run'
    /usr/local/lib/ruby/gems/1.8/gems/mongrel-1.1.5/bin/../lib/mongrel.rb:285:in `initialize'
    /usr/local/lib/ruby/gems/1.8/gems/mongrel-1.1.5/bin/../lib/mongrel.rb:285:in `new'
    /usr/local/lib/ruby/gems/1.8/gems/mongrel-1.1.5/bin/../lib/mongrel.rb:285:in `run'
    /usr/local/lib/ruby/gems/1.8/gems/mongrel-1.1.5/bin/../lib/mongrel.rb:268:in `initialize'
    /usr/local/lib/ruby/gems/1.8/gems/mongrel-1.1.5/bin/../lib/mongrel.rb:268:in `new'
    /usr/local/lib/ruby/gems/1.8/gems/mongrel-1.1.5/bin/../lib/mongrel.rb:268:in `run'
    /usr/local/lib/ruby/gems/1.8/gems/mongrel-1.1.5/bin/../lib/mongrel/configurator.rb:282:in `run'
    /usr/local/lib/ruby/gems/1.8/gems/mongrel-1.1.5/bin/../lib/mongrel/configurator.rb:281:in `each'
    /usr/local/lib/ruby/gems/1.8/gems/mongrel-1.1.5/bin/../lib/mongrel/configurator.rb:281:in `run'
    /usr/local/lib/ruby/gems/1.8/gems/mongrel-1.1.5/bin/mongrel_rails:128:in `run'
    /usr/local/lib/ruby/gems/1.8/gems/mongrel-1.1.5/bin/../lib/mongrel/command.rb:212:in `run'
    /usr/local/lib/ruby/gems/1.8/gems/mongrel-1.1.5/bin/mongrel_rails:281
    /usr/local/bin/mongrel_rails:19:in `load'
    /usr/local/bin/mongrel_rails:19

Rendering /Users/fran/pastie-mabishu/vendor/rails/actionpack/lib/action_controller/templates/rescues/layout.erb (not_found)
